mode: atomic
redis-scheduler/redis_client.go:9.32,17.2 2 5
redis-scheduler/redis_client.go:20.19,24.28 3 1
redis-scheduler/redis_client.go:28.2,29.12 2 1
redis-scheduler/redis_client.go:24.28,27.3 2 0
redis-scheduler/cron_jobs.go:9.36,26.2 12 1
redis-scheduler/cron_jobs.go:29.13,46.16 7 0
redis-scheduler/cron_jobs.go:50.2,55.16 3 0
redis-scheduler/cron_jobs.go:60.2,64.33 2 0
redis-scheduler/cron_jobs.go:68.2,73.36 3 0
redis-scheduler/cron_jobs.go:79.2,79.36 1 0
redis-scheduler/cron_jobs.go:46.16,48.3 1 0
redis-scheduler/cron_jobs.go:55.16,57.3 1 0
redis-scheduler/cron_jobs.go:64.33,66.3 1 0
redis-scheduler/cron_jobs.go:73.36,75.3 1 0
redis-scheduler/cron_jobs.go:79.36,81.3 1 0
redis-scheduler/cron_jobs.go:86.16,91.17 2 0
redis-scheduler/cron_jobs.go:91.17,93.3 1 0
redis-scheduler/cron_jobs.go:93.8,101.3 4 0
redis-scheduler/main.go:3.13,5.2 1 0
